<?xml version="1.0" encoding="UTF-8"?>
<!-- Generated by org.testng.reporters.JUnitXMLReporter -->
<testsuite hostname="DESKTOP-V5L8S5D" name="Default test(failed)" tests="1" failures="0" timestamp="3 Dec 2018 09:02:24 GMT" time="0.416" errors="0">
  <testcase name="@BeforeClass setUp" time="0.0" classname="regression.LoginPageUiTest">
    <failure type="java.lang.NoClassDefFoundError" message="org/w3c/dom/ElementTraversal">
      <![CDATA[java.lang.NoClassDefFoundError: org/w3c/dom/ElementTraversal
	at java.lang.ClassLoader.defineClass1(Native Method)
	at java.lang.ClassLoader.defineClass(Unknown Source)
	at java.security.SecureClassLoader.defineClass(Unknown Source)
	at java.net.URLClassLoader.defineClass(Unknown Source)
	at java.net.URLClassLoader.access$100(Unknown Source)
	at java.net.URLClassLoader$1.run(Unknown Source)
	at java.net.URLClassLoader$1.run(Unknown Source)
	at java.security.AccessController.doPrivileged(Native Method)
	at java.net.URLClassLoader.findClass(Unknown Source)
	at java.lang.ClassLoader.loadClass(Unknown Source)
	at sun.misc.Launcher$AppClassLoader.loadClass(Unknown Source)
	at java.lang.ClassLoader.loadClass(Unknown Source)
	at org.apache.xerces.parsers.AbstractDOMParser.startDocument(Unknown Source)
	at org.apache.xerces.impl.dtd.XMLDTDValidator.startDocument(Unknown Source)
	at org.apache.xerces.impl.XMLDocumentScannerImpl.startEntity(Unknown Source)
	at org.apache.xerces.impl.XMLVersionDetector.startDocumentParsing(Unknown Source)
	at org.apache.xerces.parsers.XML11Configuration.parse(Unknown Source)
	at org.apache.xerces.parsers.XML11Configuration.parse(Unknown Source)
	at org.apache.xerces.parsers.XMLParser.parse(Unknown Source)
	at org.apache.xerces.parsers.DOMParser.parse(Unknown Source)
	at org.apache.xerces.jaxp.DocumentBuilderImpl.parse(Unknown Source)
	at javax.xml.parsers.DocumentBuilder.parse(Unknown Source)
	at org.apache.log4j.xml.DOMConfigurator$2.parse(DOMConfigurator.java:612)
	at org.apache.log4j.xml.DOMConfigurator.doConfigure(DOMConfigurator.java:711)
	at org.apache.log4j.xml.DOMConfigurator.doConfigure(DOMConfigurator.java:618)
	at org.apache.log4j.helpers.OptionConverter.selectAndConfigure(OptionConverter.java:470)
	at org.apache.log4j.LogManager.<clinit>(LogManager.java:122)
	at org.apache.log4j.Logger.getLogger(Logger.java:104)
	at regression.LoginPageUiTest.setUp(LoginPageUiTest.java:23)
Caused by: java.lang.ClassNotFoundException: org.w3c.dom.ElementTraversal
	at java.net.URLClassLoader.findClass(Unknown Source)
	at java.lang.ClassLoader.loadClass(Unknown Source)
	at sun.misc.Launcher$AppClassLoader.loadClass(Unknown Source)
	at java.lang.ClassLoader.loadClass(Unknown Source)
	... 53 more
... Removed 24 stack frames]]>
    </failure>
  </testcase> <!-- @BeforeClass setUp -->
  <testcase name="@AfterMethod checkAlerts" time="0.0" classname="regression.LoginPageUiTest">
    <skipped/>
  </testcase> <!-- @AfterMethod checkAlerts -->
  <testcase name="testLoginUi" time="0.014" classname="regression.LoginPageUiTest">
    <skipped/>
  </testcase> <!-- testLoginUi -->
</testsuite> <!-- Default test(failed) -->
