<?xml version="1.0" encoding="UTF-8"?>
<!-- Generated by org.testng.reporters.JUnitXMLReporter -->
<testsuite hostname="DESKTOP-V5L8S5D" name="Default test" tests="14" failures="0" timestamp="12 Dec 2018 07:34:48 GMT" time="57.253" errors="0">
  <testcase name="testRegistrationValidationWithoutContinue" time="10.349" classname="regression.RegistrationPasswordValidationTest"/>
  <testcase name="testRegistrationValidationWithoutContinue" time="2.873" classname="regression.RegistrationPasswordValidationTest"/>
  <testcase name="testRegistrationValidationWithoutContinue" time="2.891" classname="regression.RegistrationPasswordValidationTest"/>
  <testcase name="testRegistrationValidationWithoutContinue" time="3.286" classname="regression.RegistrationPasswordValidationTest"/>
  <testcase name="testRegistrationValidationWithoutContinue" time="3.365" classname="regression.RegistrationPasswordValidationTest"/>
  <testcase name="testRegistrationValidationWithoutContinue" time="2.678" classname="regression.RegistrationPasswordValidationTest"/>
  <testcase name="testRegistrationValidationWithoutContinue" time="2.79" classname="regression.RegistrationPasswordValidationTest"/>
  <testcase name="testRegistrationValidationWithoutContinue" time="2.718" classname="regression.RegistrationPasswordValidationTest"/>
  <testcase name="testRegistrationValidationWithoutContinue" time="3.171" classname="regression.RegistrationPasswordValidationTest"/>
  <testcase name="testRegistrationValidationWithoutContinue" time="2.525" classname="regression.RegistrationPasswordValidationTest"/>
  <testcase name="testRegistrationValidationWithoutContinue" time="2.808" classname="regression.RegistrationPasswordValidationTest"/>
  <testcase name="testRegistrationValidationWithoutContinue" time="2.871" classname="regression.RegistrationPasswordValidationTest"/>
  <testcase name="testRegistrationValidationWithoutContinue" time="3.765" classname="regression.RegistrationPasswordValidationTest"/>
  <testcase name="testRegistrationValidationWithoutContinue" time="2.855" classname="regression.RegistrationPasswordValidationTest"/>
</testsuite> <!-- Default test -->
