<?xml version="1.0" encoding="UTF-8"?>
<!-- Generated by org.testng.reporters.JUnitXMLReporter -->
<testsuite hostname="DESKTOP-V5L8S5D" name="Login validation with invalid email Test" tests="24" failures="0" timestamp="18 Dec 2018 13:49:41 GMT" time="209.423" errors="0">
  <testcase name="testLoginValidationWithInvalidEmail" time="10.386" classname="regression.LoginValidationWithInvalidEmail"/>
  <testcase name="testLoginValidationWithInvalidEmail" time="8.618" classname="regression.LoginValidationWithInvalidEmail"/>
  <testcase name="testLoginValidationWithInvalidEmail" time="10.934" classname="regression.LoginValidationWithInvalidEmail"/>
  <testcase name="testLoginValidationWithInvalidEmail" time="4.747" classname="regression.LoginValidationWithInvalidEmail"/>
  <testcase name="testLoginValidationWithInvalidEmail" time="5.031" classname="regression.LoginValidationWithInvalidEmail"/>
  <testcase name="testLoginValidationWithInvalidEmail" time="12.797" classname="regression.LoginValidationWithInvalidEmail"/>
  <testcase name="testLoginValidationWithInvalidEmail" time="14.476" classname="regression.LoginValidationWithInvalidEmail"/>
  <testcase name="testLoginValidationWithInvalidEmail" time="11.513" classname="regression.LoginValidationWithInvalidEmail"/>
  <testcase name="testLoginValidationWithInvalidEmail" time="17.541" classname="regression.LoginValidationWithInvalidEmail"/>
  <testcase name="testLoginValidationWithInvalidEmail" time="14.621" classname="regression.LoginValidationWithInvalidEmail"/>
  <testcase name="testLoginValidationWithInvalidEmail" time="4.382" classname="regression.LoginValidationWithInvalidEmail"/>
  <testcase name="testLoginValidationWithInvalidEmail" time="4.427" classname="regression.LoginValidationWithInvalidEmail"/>
  <testcase name="testLoginValidationWithInvalidEmail" time="7.044" classname="regression.LoginValidationWithInvalidEmail"/>
  <testcase name="testLoginValidationWithInvalidEmail" time="9.572" classname="regression.LoginValidationWithInvalidEmail"/>
  <testcase name="testLoginValidationWithInvalidEmail" time="6.476" classname="regression.LoginValidationWithInvalidEmail"/>
  <testcase name="testLoginValidationWithInvalidEmail" time="5.1" classname="regression.LoginValidationWithInvalidEmail"/>
  <testcase name="testLoginValidationWithInvalidEmail" time="4.252" classname="regression.LoginValidationWithInvalidEmail"/>
  <testcase name="testLoginValidationWithInvalidEmail" time="5.1" classname="regression.LoginValidationWithInvalidEmail"/>
  <testcase name="testLoginValidationWithInvalidEmail" time="5.158" classname="regression.LoginValidationWithInvalidEmail"/>
  <testcase name="testLoginValidationWithInvalidEmail" time="5.613" classname="regression.LoginValidationWithInvalidEmail"/>
  <testcase name="testLoginValidationWithInvalidEmail" time="5.971" classname="regression.LoginValidationWithInvalidEmail"/>
  <testcase name="testLoginValidationWithInvalidEmail" time="7.011" classname="regression.LoginValidationWithInvalidEmail"/>
  <testcase name="testLoginValidationWithInvalidEmail" time="6.464" classname="regression.LoginValidationWithInvalidEmail"/>
  <testcase name="testLoginValidationWithInvalidEmail" time="6.898" classname="regression.LoginValidationWithInvalidEmail"/>
</testsuite> <!-- Login validation with invalid email Test -->
