<?xml version="1.0" encoding="UTF-8"?>
<!-- Generated by org.testng.reporters.JUnitXMLReporter -->
<testsuite hostname="DESKTOP-V5L8S5D" name="Login validation with invalid password Test" tests="14" failures="0" timestamp="19 Dec 2018 17:45:13 GMT" time="159.035" errors="0">
  <testcase name="testLoginValidationWithInvalidPass" time="26.195" classname="regression.LoginValidationWithInvalidPassword"/>
  <testcase name="testLoginValidationWithInvalidPass" time="7.483" classname="regression.LoginValidationWithInvalidPassword"/>
  <testcase name="testLoginValidationWithInvalidPass" time="7.61" classname="regression.LoginValidationWithInvalidPassword"/>
  <testcase name="testLoginValidationWithInvalidPass" time="7.216" classname="regression.LoginValidationWithInvalidPassword"/>
  <testcase name="testLoginValidationWithInvalidPass" time="17.396" classname="regression.LoginValidationWithInvalidPassword"/>
  <testcase name="testLoginValidationWithInvalidPass" time="8.604" classname="regression.LoginValidationWithInvalidPassword"/>
  <testcase name="testLoginValidationWithInvalidPass" time="9.17" classname="regression.LoginValidationWithInvalidPassword"/>
  <testcase name="testLoginValidationWithInvalidPass" time="8.303" classname="regression.LoginValidationWithInvalidPassword"/>
  <testcase name="testLoginValidationWithInvalidPass" time="11.646" classname="regression.LoginValidationWithInvalidPassword"/>
  <testcase name="testLoginValidationWithInvalidPass" time="12.239" classname="regression.LoginValidationWithInvalidPassword"/>
  <testcase name="testLoginValidationWithInvalidPass" time="13.651" classname="regression.LoginValidationWithInvalidPassword"/>
  <testcase name="testLoginValidationWithInvalidPass" time="9.59" classname="regression.LoginValidationWithInvalidPassword"/>
  <testcase name="testLoginValidationWithInvalidPass" time="7.776" classname="regression.LoginValidationWithInvalidPassword"/>
  <testcase name="testLoginValidationWithInvalidPass" time="7.535" classname="regression.LoginValidationWithInvalidPassword"/>
</testsuite> <!-- Login validation with invalid password Test -->
