<?xml version="1.0" encoding="UTF-8"?>
<!-- Generated by org.testng.reporters.JUnitXMLReporter -->
<testsuite hostname="DESKTOP-V5L8S5D" name="Login validation with invalid password Test" tests="14" failures="0" timestamp="18 Dec 2018 13:48:55 GMT" time="125.199" errors="0">
  <testcase name="testLoginValidationWithInvalidPass" time="15.321" classname="regression.LoginValidationWithInvalidPassword"/>
  <testcase name="testLoginValidationWithInvalidPass" time="7.751" classname="regression.LoginValidationWithInvalidPassword"/>
  <testcase name="testLoginValidationWithInvalidPass" time="9.785" classname="regression.LoginValidationWithInvalidPassword"/>
  <testcase name="testLoginValidationWithInvalidPass" time="21.059" classname="regression.LoginValidationWithInvalidPassword"/>
  <testcase name="testLoginValidationWithInvalidPass" time="9.617" classname="regression.LoginValidationWithInvalidPassword"/>
  <testcase name="testLoginValidationWithInvalidPass" time="10.786" classname="regression.LoginValidationWithInvalidPassword"/>
  <testcase name="testLoginValidationWithInvalidPass" time="5.41" classname="regression.LoginValidationWithInvalidPassword"/>
  <testcase name="testLoginValidationWithInvalidPass" time="4.755" classname="regression.LoginValidationWithInvalidPassword"/>
  <testcase name="testLoginValidationWithInvalidPass" time="7.246" classname="regression.LoginValidationWithInvalidPassword"/>
  <testcase name="testLoginValidationWithInvalidPass" time="5.471" classname="regression.LoginValidationWithInvalidPassword"/>
  <testcase name="testLoginValidationWithInvalidPass" time="7.005" classname="regression.LoginValidationWithInvalidPassword"/>
  <testcase name="testLoginValidationWithInvalidPass" time="4.758" classname="regression.LoginValidationWithInvalidPassword"/>
  <testcase name="testLoginValidationWithInvalidPass" time="4.56" classname="regression.LoginValidationWithInvalidPassword"/>
  <testcase name="testLoginValidationWithInvalidPass" time="4.388" classname="regression.LoginValidationWithInvalidPassword"/>
</testsuite> <!-- Login validation with invalid password Test -->
