<?xml version="1.0" encoding="UTF-8"?>
<!-- Generated by org.testng.reporters.JUnitXMLReporter -->
<testsuite hostname="DESKTOP-V5L8S5D" name="Login validation with invalid email Test" tests="24" failures="0" timestamp="19 Dec 2018 17:50:17 GMT" time="474.361" errors="0">
  <testcase name="testLoginValidationWithInvalidEmail" time="14.972" classname="regression.LoginValidationWithInvalidEmail"/>
  <testcase name="testLoginValidationWithInvalidEmail" time="19.794" classname="regression.LoginValidationWithInvalidEmail"/>
  <testcase name="testLoginValidationWithInvalidEmail" time="8.423" classname="regression.LoginValidationWithInvalidEmail"/>
  <testcase name="testLoginValidationWithInvalidEmail" time="7.993" classname="regression.LoginValidationWithInvalidEmail"/>
  <testcase name="testLoginValidationWithInvalidEmail" time="7.707" classname="regression.LoginValidationWithInvalidEmail"/>
  <testcase name="testLoginValidationWithInvalidEmail" time="17.16" classname="regression.LoginValidationWithInvalidEmail"/>
  <testcase name="testLoginValidationWithInvalidEmail" time="8.92" classname="regression.LoginValidationWithInvalidEmail"/>
  <testcase name="testLoginValidationWithInvalidEmail" time="9.177" classname="regression.LoginValidationWithInvalidEmail"/>
  <testcase name="testLoginValidationWithInvalidEmail" time="9.557" classname="regression.LoginValidationWithInvalidEmail"/>
  <testcase name="testLoginValidationWithInvalidEmail" time="10.452" classname="regression.LoginValidationWithInvalidEmail"/>
  <testcase name="testLoginValidationWithInvalidEmail" time="12.757" classname="regression.LoginValidationWithInvalidEmail"/>
  <testcase name="testLoginValidationWithInvalidEmail" time="15.861" classname="regression.LoginValidationWithInvalidEmail"/>
  <testcase name="testLoginValidationWithInvalidEmail" time="7.558" classname="regression.LoginValidationWithInvalidEmail"/>
  <testcase name="testLoginValidationWithInvalidEmail" time="8.56" classname="regression.LoginValidationWithInvalidEmail"/>
  <testcase name="testLoginValidationWithInvalidEmail" time="9.663" classname="regression.LoginValidationWithInvalidEmail"/>
  <testcase name="testLoginValidationWithInvalidEmail" time="8.203" classname="regression.LoginValidationWithInvalidEmail"/>
  <testcase name="testLoginValidationWithInvalidEmail" time="10.071" classname="regression.LoginValidationWithInvalidEmail"/>
  <testcase name="testLoginValidationWithInvalidEmail" time="10.632" classname="regression.LoginValidationWithInvalidEmail"/>
  <testcase name="testLoginValidationWithInvalidEmail" time="23.892" classname="regression.LoginValidationWithInvalidEmail"/>
  <testcase name="testLoginValidationWithInvalidEmail" time="49.857" classname="regression.LoginValidationWithInvalidEmail"/>
  <testcase name="testLoginValidationWithInvalidEmail" time="16.304" classname="regression.LoginValidationWithInvalidEmail"/>
  <testcase name="testLoginValidationWithInvalidEmail" time="79.968" classname="regression.LoginValidationWithInvalidEmail"/>
  <testcase name="testLoginValidationWithInvalidEmail" time="35.055" classname="regression.LoginValidationWithInvalidEmail"/>
  <testcase name="testLoginValidationWithInvalidEmail" time="66.575" classname="regression.LoginValidationWithInvalidEmail"/>
</testsuite> <!-- Login validation with invalid email Test -->
