<?xml version="1.0" encoding="UTF-8"?>
<!-- Generated by org.testng.reporters.JUnitXMLReporter -->
<testsuite hostname="DESKTOP-V5L8S5D" name="Login validation with valid email Test" tests="2" failures="1" timestamp="19 Dec 2018 17:45:51 GMT" time="145.366" errors="0">
  <testcase name="registration" time="140.444" classname="regression.LoginValidationwithValidEmail">
    <failure type="com.gargoylesoftware.htmlunit.ElementNotFoundException" message="elementName=[xpath://span[text()=&amp;apos;Logout&amp;apos;]] attributeName=[ElementVal] attributeValue=[Not Found]">
      <![CDATA[com.gargoylesoftware.htmlunit.ElementNotFoundException: elementName=[xpath://span[text()='Logout']] attributeName=[ElementVal] attributeValue=[Not Found]
	at com.beanlogin.lib.AppLibrary.clickElement(AppLibrary.java:1269)
	at com.beanlogin.pages.PortalPage.logout(PortalPage.java:110)
	at regression.LoginValidationwithValidEmail.registration(LoginValidationwithValidEmail.java:68)
	at java.util.concurrent.FutureTask.run(Unknown Source)
	at java.util.concurrent.ThreadPoolExecutor.runWorker(Unknown Source)
	at java.util.concurrent.ThreadPoolExecutor$Worker.run(Unknown Source)
	at java.lang.Thread.run(Unknown Source)
... Removed 16 stack frames]]>
    </failure>
  </testcase> <!-- registration -->
  <testcase name="testLoginValidationWithValidEmail" time="0.001" classname="regression.LoginValidationwithValidEmail">
    <skipped/>
  </testcase> <!-- testLoginValidationWithValidEmail -->
</testsuite> <!-- Login validation with valid email Test -->
