<?xml version="1.0" encoding="UTF-8"?>
<!-- Generated by org.testng.reporters.JUnitXMLReporter -->
<testsuite hostname="DESKTOP-V5L8S5D" name="Profile Page Ui Test" tests="1" failures="1" timestamp="18 Dec 2018 13:57:00 GMT" time="132.327" errors="0">
  <testcase name="testMyProfilePageUi" time="130.419" classname="regression.ProfilePageUiTest">
    <failure type="java.lang.Exception" message="Failed to access verification">
      <![CDATA[java.lang.Exception: Failed to access verification
	at com.beanlogin.pages.MailinatorPage.getVerification(MailinatorPage.java:78)
	at regression.ProfilePageUiTest.testMyProfilePageUi(ProfilePageUiTest.java:49)
	at java.util.concurrent.FutureTask.run(Unknown Source)
	at java.util.concurrent.ThreadPoolExecutor.runWorker(Unknown Source)
	at java.util.concurrent.ThreadPoolExecutor$Worker.run(Unknown Source)
	at java.lang.Thread.run(Unknown Source)
... Removed 16 stack frames]]>
    </failure>
  </testcase> <!-- testMyProfilePageUi -->
</testsuite> <!-- Profile Page Ui Test -->
