<?xml version="1.0" encoding="UTF-8"?>
<!-- Generated by org.testng.reporters.JUnitXMLReporter -->
<testsuite hostname="DESKTOP-V5L8S5D" name="Registration Password Validation Test" tests="14" failures="0" timestamp="19 Dec 2018 17:48:50 GMT" time="103.84" errors="0">
  <testcase name="testRegistrationValidationWithoutContinue" time="21.338" classname="regression.RegistrationPasswordValidationTest"/>
  <testcase name="testRegistrationValidationWithoutContinue" time="4.9" classname="regression.RegistrationPasswordValidationTest"/>
  <testcase name="testRegistrationValidationWithoutContinue" time="5.028" classname="regression.RegistrationPasswordValidationTest"/>
  <testcase name="testRegistrationValidationWithoutContinue" time="5.362" classname="regression.RegistrationPasswordValidationTest"/>
  <testcase name="testRegistrationValidationWithoutContinue" time="5.099" classname="regression.RegistrationPasswordValidationTest"/>
  <testcase name="testRegistrationValidationWithoutContinue" time="5.01" classname="regression.RegistrationPasswordValidationTest"/>
  <testcase name="testRegistrationValidationWithoutContinue" time="6.434" classname="regression.RegistrationPasswordValidationTest"/>
  <testcase name="testRegistrationValidationWithoutContinue" time="3.243" classname="regression.RegistrationPasswordValidationTest"/>
  <testcase name="testRegistrationValidationWithoutContinue" time="3.663" classname="regression.RegistrationPasswordValidationTest"/>
  <testcase name="testRegistrationValidationWithoutContinue" time="3.821" classname="regression.RegistrationPasswordValidationTest"/>
  <testcase name="testRegistrationValidationWithoutContinue" time="6.337" classname="regression.RegistrationPasswordValidationTest"/>
  <testcase name="testRegistrationValidationWithoutContinue" time="6.458" classname="regression.RegistrationPasswordValidationTest"/>
  <testcase name="testRegistrationValidationWithoutContinue" time="6.025" classname="regression.RegistrationPasswordValidationTest"/>
  <testcase name="testRegistrationValidationWithoutContinue" time="9.069" classname="regression.RegistrationPasswordValidationTest"/>
</testsuite> <!-- Registration Password Validation Test -->
