<?xml version="1.0" encoding="UTF-8"?>
<!-- Generated by org.testng.reporters.JUnitXMLReporter -->
<testsuite hostname="DESKTOP-V5L8S5D" name="Registraton Email Validation For Existing User Test" tests="1" failures="0" timestamp="18 Dec 2018 13:52:39 GMT" time="109.66" errors="0">
  <testcase name="testRegistrationValidationForExistingUser" time="107.06" classname="regression.RegistratonEmailValidationForExistingUserTest"/>
</testsuite> <!-- Registraton Email Validation For Existing User Test -->
