<?xml version="1.0" encoding="UTF-8"?>
<!-- Generated by org.testng.reporters.JUnitXMLReporter -->
<testsuite hostname="DESKTOP-V5L8S5D" name="Registration Validation With Submit" tests="16" failures="0" timestamp="18 Dec 2018 13:54:48 GMT" time="265.796" errors="0">
  <testcase name="testRegistrationValidationWithSubmitButton" time="13.949" classname="regression.RegistrationValidationWithSubmit"/>
  <testcase name="testRegistrationValidationWithSubmitButton" time="6.617" classname="regression.RegistrationValidationWithSubmit"/>
  <testcase name="testRegistrationValidationWithSubmitButton" time="6.39" classname="regression.RegistrationValidationWithSubmit"/>
  <testcase name="testRegistrationValidationWithSubmitButton" time="13.486" classname="regression.RegistrationValidationWithSubmit"/>
  <testcase name="testRegistrationValidationWithSubmitButton" time="18.701" classname="regression.RegistrationValidationWithSubmit"/>
  <testcase name="testRegistrationValidationWithSubmitButton" time="19.802" classname="regression.RegistrationValidationWithSubmit"/>
  <testcase name="testRegistrationValidationWithSubmitButton" time="26.751" classname="regression.RegistrationValidationWithSubmit"/>
  <testcase name="testRegistrationValidationWithSubmitButton" time="13.625" classname="regression.RegistrationValidationWithSubmit"/>
  <testcase name="testRegistrationValidationWithSubmitButton" time="11.752" classname="regression.RegistrationValidationWithSubmit"/>
  <testcase name="testRegistrationValidationWithSubmitButton" time="10.978" classname="regression.RegistrationValidationWithSubmit"/>
  <testcase name="testRegistrationValidationWithSubmitButton" time="16.91" classname="regression.RegistrationValidationWithSubmit"/>
  <testcase name="testRegistrationValidationWithSubmitButton" time="13.224" classname="regression.RegistrationValidationWithSubmit"/>
  <testcase name="testRegistrationValidationWithSubmitButton" time="16.773" classname="regression.RegistrationValidationWithSubmit"/>
  <testcase name="testRegistrationValidationWithSubmitButton" time="18.581" classname="regression.RegistrationValidationWithSubmit"/>
  <testcase name="testRegistrationValidationWithSubmitButton" time="18.068" classname="regression.RegistrationValidationWithSubmit"/>
  <testcase name="testRegistrationValidationWithSubmitButton" time="27.99" classname="regression.RegistrationValidationWithSubmit"/>
</testsuite> <!-- Registration Validation With Submit -->
