<?xml version="1.0" encoding="UTF-8"?>
<!-- Generated by org.testng.reporters.JUnitXMLReporter -->
<testsuite hostname="DESKTOP-V5L8S5D" name="Reset Password Validation Test" tests="19" failures="0" timestamp="18 Dec 2018 13:56:36 GMT" time="237.387" errors="0">
  <testcase name="registration" time="181.327" classname="regression.ResetPasswordValidationTest"/>
  <testcase name="testLoginValidationWithPostiveEmail" time="3.061" classname="regression.ResetPasswordValidationTest"/>
  <testcase name="testLoginValidationWithPostiveEmail" time="2.7" classname="regression.ResetPasswordValidationTest"/>
  <testcase name="testLoginValidationWithPostiveEmail" time="2.47" classname="regression.ResetPasswordValidationTest"/>
  <testcase name="testLoginValidationWithPostiveEmail" time="3.268" classname="regression.ResetPasswordValidationTest"/>
  <testcase name="testLoginValidationWithPostiveEmail" time="3.154" classname="regression.ResetPasswordValidationTest"/>
  <testcase name="testLoginValidationWithPostiveEmail" time="2.851" classname="regression.ResetPasswordValidationTest"/>
  <testcase name="testLoginValidationWithPostiveEmail" time="2.211" classname="regression.ResetPasswordValidationTest"/>
  <testcase name="testLoginValidationWithPostiveEmail" time="2.232" classname="regression.ResetPasswordValidationTest"/>
  <testcase name="testLoginValidationWithPostiveEmail" time="2.264" classname="regression.ResetPasswordValidationTest"/>
  <testcase name="testLoginValidationWithPostiveEmail" time="2.417" classname="regression.ResetPasswordValidationTest"/>
  <testcase name="testLoginValidationWithPostiveEmail" time="2.511" classname="regression.ResetPasswordValidationTest"/>
  <testcase name="testLoginValidationWithPostiveEmail" time="2.279" classname="regression.ResetPasswordValidationTest"/>
  <testcase name="testLoginValidationWithPostiveEmail" time="2.572" classname="regression.ResetPasswordValidationTest"/>
  <testcase name="testLoginValidationWithPostiveEmail" time="2.071" classname="regression.ResetPasswordValidationTest"/>
  <testcase name="testLoginValidationWithPostiveEmail" time="2.163" classname="regression.ResetPasswordValidationTest"/>
  <testcase name="testLoginValidationWithPostiveEmail" time="2.345" classname="regression.ResetPasswordValidationTest"/>
  <testcase name="testLoginValidationWithPostiveEmail" time="2.305" classname="regression.ResetPasswordValidationTest"/>
  <testcase name="testLoginValidationWithPostiveEmail" time="2.569" classname="regression.ResetPasswordValidationTest"/>
</testsuite> <!-- Reset Password Validation Test -->
