<?xml version="1.0" encoding="UTF-8"?>
<testng-results skipped="0" failed="1" total="1" passed="0">
  <reporter-output>
    <line>
      <![CDATA[<h1><Center><Font face="arial" color="Orange">Log Summary</font></Center><h1><table border="1" bgcolor="lightgray">]]>
    </line>
  </reporter-output>
  <suite name="Default suite" duration-ms="22679" started-at="2018-12-12T14:57:03Z" finished-at="2018-12-12T14:57:25Z">
    <groups>
    </groups>
    <test name="Default test" duration-ms="22679" started-at="2018-12-12T14:57:03Z" finished-at="2018-12-12T14:57:25Z">
      <class name="regression.ResetPasswordValidationTest">
        <test-method status="PASS" signature="aaasetUp(org.testng.ITestContext)[pri:0, instance:regression.ResetPasswordValidationTest@149e0f5d]" name="aaasetUp" is-config="true" duration-ms="72" started-at="2018-12-12T20:27:03Z" finished-at="2018-12-12T20:27:03Z">
          <params>
            <param index="0">
              <value>
                <![CDATA[org.testng.TestRunner@3935e9a8]]>
              </value>
            </param>
          </params>
          <reporter-output>
          </reporter-output>
        </test-method> <!-- aaasetUp -->
        <test-method status="PASS" signature="setUp()[pri:0, instance:regression.ResetPasswordValidationTest@149e0f5d]" name="setUp" is-config="true" duration-ms="7858" started-at="2018-12-12T20:27:03Z" finished-at="2018-12-12T20:27:11Z">
          <reporter-output>
            <line>
              <![CDATA[<h1><Center><Font face="arial" color="Orange">Log Summary</font></Center><h1><table border="1" bgcolor="lightgray">]]>
            </line>
          </reporter-output>
        </test-method> <!-- setUp -->
        <test-method status="FAIL" signature="testResetPassValidation(java.lang.String, java.lang.String, java.lang.String, java.lang.String, java.lang.String)[pri:0, instance:regression.ResetPasswordValidationTest@149e0f5d]" name="testResetPassValidation" duration-ms="464" started-at="2018-12-12T20:27:11Z" data-provider="passValidation" finished-at="2018-12-12T20:27:11Z">
          <exception class="org.testng.TestNGException">
            <message>
              <![CDATA[
The data provider is trying to pass 11 parameters but the method regression.ResetPasswordValidationTest#testResetPassValidation takes 5]]>
            </message>
            <full-stacktrace>
              <![CDATA[org.testng.TestNGException: 
The data provider is trying to pass 11 parameters but the method regression.ResetPasswordValidationTest#testResetPassValidation takes 5
	at org.testng.internal.Invoker.injectParameters(Invoker.java:1337)
	at org.testng.internal.Invoker.invokeTestMethods(Invoker.java:1225)
	at org.testng.internal.TestMethodWorker.invokeTestMethods(TestMethodWorker.java:127)
	at org.testng.internal.TestMethodWorker.run(TestMethodWorker.java:111)
	at org.testng.TestRunner.privateRun(TestRunner.java:767)
	at org.testng.TestRunner.run(TestRunner.java:617)
	at org.testng.SuiteRunner.runTest(SuiteRunner.java:334)
	at org.testng.SuiteRunner.runSequentially(SuiteRunner.java:329)
	at org.testng.SuiteRunner.privateRun(SuiteRunner.java:291)
	at org.testng.SuiteRunner.run(SuiteRunner.java:240)
	at org.testng.SuiteRunnerWorker.runSuite(SuiteRunnerWorker.java:52)
	at org.testng.SuiteRunnerWorker.run(SuiteRunnerWorker.java:86)
	at org.testng.TestNG.runSuitesSequentially(TestNG.java:1198)
	at org.testng.TestNG.runSuitesLocally(TestNG.java:1123)
	at org.testng.TestNG.run(TestNG.java:1031)
	at org.testng.remote.AbstractRemoteTestNG.run(AbstractRemoteTestNG.java:132)
	at org.testng.remote.RemoteTestNG.initAndRun(RemoteTestNG.java:230)
	at org.testng.remote.RemoteTestNG.main(RemoteTestNG.java:76)
]]>
            </full-stacktrace>
          </exception> <!-- org.testng.TestNGException -->
          <reporter-output>
          </reporter-output>
        </test-method> <!-- testResetPassValidation -->
        <test-method status="FAIL" signature="quitBrowser()[pri:0, instance:regression.ResetPasswordValidationTest@149e0f5d]" name="quitBrowser" is-config="true" duration-ms="0" started-at="2018-12-12T20:27:11Z" finished-at="2018-12-12T20:27:11Z">
          <exception class="java.lang.NullPointerException">
            <full-stacktrace>
              <![CDATA[java.lang.NullPointerException
	at com.beanlogin.lib.TestBase.quitBrowser(TestBase.java:126)
	at sun.reflect.NativeMethodAccessorImpl.invoke0(Native Method)
	at sun.reflect.NativeMethodAccessorImpl.invoke(Unknown Source)
	at sun.reflect.DelegatingMethodAccessorImpl.invoke(Unknown Source)
	at java.lang.reflect.Method.invoke(Unknown Source)
	at org.testng.internal.MethodInvocationHelper.invokeMethod(MethodInvocationHelper.java:80)
	at org.testng.internal.Invoker.invokeConfigurationMethod(Invoker.java:564)
	at org.testng.internal.Invoker.invokeConfigurations(Invoker.java:213)
	at org.testng.internal.Invoker.invokeConfigurations(Invoker.java:138)
	at org.testng.internal.TestMethodWorker.invokeAfterClassMethods(TestMethodWorker.java:225)
	at org.testng.internal.TestMethodWorker.run(TestMethodWorker.java:114)
	at org.testng.TestRunner.privateRun(TestRunner.java:767)
	at org.testng.TestRunner.run(TestRunner.java:617)
	at org.testng.SuiteRunner.runTest(SuiteRunner.java:334)
	at org.testng.SuiteRunner.runSequentially(SuiteRunner.java:329)
	at org.testng.SuiteRunner.privateRun(SuiteRunner.java:291)
	at org.testng.SuiteRunner.run(SuiteRunner.java:240)
	at org.testng.SuiteRunnerWorker.runSuite(SuiteRunnerWorker.java:52)
	at org.testng.SuiteRunnerWorker.run(SuiteRunnerWorker.java:86)
	at org.testng.TestNG.runSuitesSequentially(TestNG.java:1198)
	at org.testng.TestNG.runSuitesLocally(TestNG.java:1123)
	at org.testng.TestNG.run(TestNG.java:1031)
	at org.testng.remote.AbstractRemoteTestNG.run(AbstractRemoteTestNG.java:132)
	at org.testng.remote.RemoteTestNG.initAndRun(RemoteTestNG.java:230)
	at org.testng.remote.RemoteTestNG.main(RemoteTestNG.java:76)
]]>
            </full-stacktrace>
          </exception> <!-- java.lang.NullPointerException -->
          <reporter-output>
          </reporter-output>
        </test-method> <!-- quitBrowser -->
      </class> <!-- regression.ResetPasswordValidationTest -->
    </test> <!-- Default test -->
  </suite> <!-- Default suite -->
</testng-results>
