<?xml version="1.0" encoding="UTF-8"?>
<!-- Generated by org.testng.reporters.JUnitXMLReporter -->
<testsuite hostname="DESKTOP-V5L8S5D" name="Default test" tests="2" failures="0" timestamp="19 Dec 2018 06:29:54 GMT" time="385.414" errors="0">
  <testcase name="registration" time="337.293" classname="regression.ForgotPasswordSecondaryMailPageUiTest"/>
  <testcase name="testForgotPassUi" time="16.139" classname="regression.ForgotPasswordSecondaryMailPageUiTest"/>
</testsuite> <!-- Default test -->
